c:\users\maxfe\source\repos\password-manager\passwordmanager\passwordmanager\x64\debug\vc143.pdb
c:\users\maxfe\source\repos\password-manager\passwordmanager\passwordmanager\x64\debug\vc143.idb
c:\users\maxfe\source\repos\password-manager\passwordmanager\passwordmanager\x64\debug\passwordmanager.obj
c:\users\maxfe\source\repos\password-manager\passwordmanager\passwordmanager\x64\debug\passwordmanager.ilk
c:\users\maxfe\source\repos\password-manager\passwordmanager\x64\debug\passwordmanager.pdb
c:\users\maxfe\source\repos\password-manager\passwordmanager\passwordmanager\x64\debug\passwordmanager.tlog\cl.command.1.tlog
c:\users\maxfe\source\repos\password-manager\passwordmanager\passwordmanager\x64\debug\passwordmanager.tlog\cl.items.tlog
c:\users\maxfe\source\repos\password-manager\passwordmanager\passwordmanager\x64\debug\passwordmanager.tlog\cl.read.1.tlog
c:\users\maxfe\source\repos\password-manager\passwordmanager\passwordmanager\x64\debug\passwordmanager.tlog\cl.write.1.tlog
c:\users\maxfe\source\repos\password-manager\passwordmanager\passwordmanager\x64\debug\passwordmanager.tlog\link-cvtres.read.1.tlog
c:\users\maxfe\source\repos\password-manager\passwordmanager\passwordmanager\x64\debug\passwordmanager.tlog\link-cvtres.write.1.tlog
c:\users\maxfe\source\repos\password-manager\passwordmanager\passwordmanager\x64\debug\passwordmanager.tlog\link-rc.read.1.tlog
c:\users\maxfe\source\repos\password-manager\passwordmanager\passwordmanager\x64\debug\passwordmanager.tlog\link-rc.write.1.tlog
c:\users\maxfe\source\repos\password-manager\passwordmanager\passwordmanager\x64\debug\passwordmanager.tlog\link.12388-cvtres.read.1.tlog
c:\users\maxfe\source\repos\password-manager\passwordmanager\passwordmanager\x64\debug\passwordmanager.tlog\link.12388-cvtres.write.1.tlog
c:\users\maxfe\source\repos\password-manager\passwordmanager\passwordmanager\x64\debug\passwordmanager.tlog\link.12388-rc.read.1.tlog
c:\users\maxfe\source\repos\password-manager\passwordmanager\passwordmanager\x64\debug\passwordmanager.tlog\link.12388-rc.write.1.tlog
c:\users\maxfe\source\repos\password-manager\passwordmanager\passwordmanager\x64\debug\passwordmanager.tlog\link.12388.read.1.tlog
c:\users\maxfe\source\repos\password-manager\passwordmanager\passwordmanager\x64\debug\passwordmanager.tlog\link.12388.read.2.tlog
c:\users\maxfe\source\repos\password-manager\passwordmanager\passwordmanager\x64\debug\passwordmanager.tlog\link.12388.write.1.tlog
c:\users\maxfe\source\repos\password-manager\passwordmanager\passwordmanager\x64\debug\passwordmanager.tlog\link.command.1.tlog
c:\users\maxfe\source\repos\password-manager\passwordmanager\passwordmanager\x64\debug\passwordmanager.tlog\link.read.1.tlog
c:\users\maxfe\source\repos\password-manager\passwordmanager\passwordmanager\x64\debug\passwordmanager.tlog\link.read.2.tlog
c:\users\maxfe\source\repos\password-manager\passwordmanager\passwordmanager\x64\debug\passwordmanager.tlog\link.secondary.1.tlog
c:\users\maxfe\source\repos\password-manager\passwordmanager\passwordmanager\x64\debug\passwordmanager.tlog\link.write.1.tlog
